<?xml version="1.0" encoding="UTF-8" ?>
<testsuite failures="0" time="2.013" errors="0" skipped="0" tests="4" name="com.cisco.assignment.vendor.helper.DBSupportHelperTest">
  <properties>
    <property name="java.runtime.name" value="Java(TM) SE Runtime Environment"/>
    <property name="sun.boot.library.path" value="C:\Program Files\Java\jdk1.6.0_23\jre\bin"/>
    <property name="java.vm.version" value="19.0-b09"/>
    <property name="java.vm.vendor" value="Sun Microsystems Inc."/>
    <property name="java.vendor.url" value="http://java.sun.com/"/>
    <property name="path.separator" value=";"/>
    <property name="java.vm.name" value="Java HotSpot(TM) Client VM"/>
    <property name="file.encoding.pkg" value="sun.io"/>
    <property name="user.country" value="US"/>
    <property name="sun.java.launcher" value="SUN_STANDARD"/>
    <property name="sun.os.patch.level" value="Service Pack 3"/>
    <property name="java.vm.specification.name" value="Java Virtual Machine Specification"/>
    <property name="user.dir" value="C:\Moti\git\GT_Repo\SMLite-web"/>
    <property name="java.runtime.version" value="1.6.0_23-b05"/>
    <property name="java.awt.graphicsenv" value="sun.awt.Win32GraphicsEnvironment"/>
    <property name="basedir" value="C:\Moti\git\GT_Repo\SMLite-web"/>
    <property name="java.endorsed.dirs" value="C:\Program Files\Java\jdk1.6.0_23\jre\lib\endorsed"/>
    <property name="os.arch" value="x86"/>
    <property name="surefire.real.class.path" value="C:\DOCUME~1\SHTANK~1.CIS\LOCALS~1\Temp\surefirebooter2629779505587282550.jar"/>
    <property name="java.io.tmpdir" value="C:\DOCUME~1\SHTANK~1.CIS\LOCALS~1\Temp\"/>
    <property name="line.separator" value="
"/>
    <property name="java.vm.specification.vendor" value="Sun Microsystems Inc."/>
    <property name="user.variant" value=""/>
    <property name="os.name" value="Windows XP"/>
    <property name="sun.jnu.encoding" value="Cp1252"/>
    <property name="java.library.path" value="C:\Program Files\Java\jdk1.6.0_23\jre\bin;.;C:\WINDOWS\Sun\Java\bin;C:\WINDOWS\system32;C:\WINDOWS;C:/Program Files/Java/jre6/bin/client;C:/Program Files/Java/jre6/bin;C:/Program Files/Java/jre6/lib/i386;C:\Perl\site\bin;C:\Perl\bin;C:\WINDOWS\system32;C:\WINDOWS;C:\WINDOWS\System32\Wbem;C:\ORACLE\product\10.2.0.1\bin;C:\j2sdk1.4.2_05\bin;C:\Program Files\CREDANT\Shield v6.8\;C:\db-derby-10.6.2.1-bin\bin\;C:\Program Files\MySQL\MySQL Server 5.1\bin;C:\WINDOWS\system32\WindowsPowerShell\v1.0;C:\Program Files\Java\jdk1.6.0_23;C:\Program Files\SSH Communications Security\SSH Tectia\SSH Tectia AUX;C:\Program Files\SSH Communications Security\SSH Tectia\SSH Tectia AUX\Support binaries;C:\Program Files\SSH Communications Security\SSH Tectia\SSH Tectia Broker;C:\Program Files\SSH Communications Security\SSH Tectia\SSH Tectia Client;C:\Program Files\Java\jdk1.6.0_23\bin;C:\Naresh\apache-maven-2.2.1\bin;C:\Program Files\Java\jdk1.6.0_23\bin;"/>
    <property name="surefire.test.class.path" value="C:\Moti\git\GT_Repo\SMLite-web\target\test-classes;C:\Moti\git\GT_Repo\SMLite-web\target\classes;C:\Documents and Settings\shtank.CISCO\.m2\repository\junit\junit\4.8.2\junit-4.8.2.jar;C:\Documents and Settings\shtank.CISCO\.m2\repository\org\sakaiproject\entitybus\entitybus-api\1.0.8\entitybus-api-1.0.8.jar;C:\Documents and Settings\shtank.CISCO\.m2\repository\javax\servlet\servlet-api\2.5\servlet-api-2.5.jar;C:\Documents and Settings\shtank.CISCO\.m2\repository\org\sakaiproject\entitybus\entitybus-impl\1.0.8\entitybus-impl-1.0.8.jar;C:\Documents and Settings\shtank.CISCO\.m2\repository\org\sakaiproject\entitybus\entitybus-utils\1.0.8\entitybus-utils-1.0.8.jar;C:\Documents and Settings\shtank.CISCO\.m2\repository\org\azeckoski\reflectutils\0.9.11\reflectutils-0.9.11.jar;C:\Documents and Settings\shtank.CISCO\.m2\repository\commons-httpclient\commons-httpclient\3.1\commons-httpclient-3.1.jar;C:\Documents and Settings\shtank.CISCO\.m2\repository\commons-logging\commons-logging\1.1.1\commons-logging-1.1.1.jar;C:\Documents and Settings\shtank.CISCO\.m2\repository\commons-codec\commons-codec\1.2\commons-codec-1.2.jar;C:\Documents and Settings\shtank.CISCO\.m2\repository\org\sakaiproject\entitybus\entitybus-rest\1.0.8\entitybus-rest-1.0.8.jar;C:\Documents and Settings\shtank.CISCO\.m2\repository\mysql\mysql-connector-java\5.1.9\mysql-connector-java-5.1.9.jar;C:\Documents and Settings\shtank.CISCO\.m2\repository\org\hibernate\hibernate-core\3.6.10.Final\hibernate-core-3.6.10.Final.jar;C:\Documents and Settings\shtank.CISCO\.m2\repository\antlr\antlr\2.7.6\antlr-2.7.6.jar;C:\Documents and Settings\shtank.CISCO\.m2\repository\commons-collections\commons-collections\3.2.1\commons-collections-3.2.1.jar;C:\Documents and Settings\shtank.CISCO\.m2\repository\dom4j\dom4j\1.6.1\dom4j-1.6.1.jar;C:\Documents and Settings\shtank.CISCO\.m2\repository\org\hibernate\hibernate-commons-annotations\3.2.0.Final\hibernate-commons-annotations-3.2.0.Final.jar;C:\Documents and Settings\shtank.CISCO\.m2\repository\org\slf4j\slf4j-api\1.6.1\slf4j-api-1.6.1.jar;C:\Documents and Settings\shtank.CISCO\.m2\repository\org\hibernate\javax\persistence\hibernate-jpa-2.0-api\1.0.1.Final\hibernate-jpa-2.0-api-1.0.1.Final.jar;C:\Documents and Settings\shtank.CISCO\.m2\repository\javax\transaction\jta\1.1\jta-1.1.jar;C:\Documents and Settings\shtank.CISCO\.m2\repository\org\hibernate\common\hibernate-commons-annotations\4.0.1.Final\hibernate-commons-annotations-4.0.1.Final.jar;C:\Documents and Settings\shtank.CISCO\.m2\repository\org\jboss\logging\jboss-logging\3.1.0.CR2\jboss-logging-3.1.0.CR2.jar;C:\Documents and Settings\shtank.CISCO\.m2\repository\xml-apis\xml-apis\1.0.b2\xml-apis-1.0.b2.jar;C:\Documents and Settings\shtank.CISCO\.m2\repository\cglib\cglib\2.2\cglib-2.2.jar;C:\Documents and Settings\shtank.CISCO\.m2\repository\asm\asm\3.1\asm-3.1.jar;C:\Documents and Settings\shtank.CISCO\.m2\repository\javassist\javassist\3.12.1.GA\javassist-3.12.1.GA.jar;C:\Documents and Settings\shtank.CISCO\.m2\repository\javax\servlet\jsp\jsp-api\2.1\jsp-api-2.1.jar;"/>
    <property name="java.specification.name" value="Java Platform API Specification"/>
    <property name="java.class.version" value="50.0"/>
    <property name="sun.management.compiler" value="HotSpot Client Compiler"/>
    <property name="os.version" value="5.1"/>
    <property name="user.home" value="C:\Documents and Settings\shtank.CISCO"/>
    <property name="user.timezone" value="Asia/Calcutta"/>
    <property name="java.awt.printerjob" value="sun.awt.windows.WPrinterJob"/>
    <property name="java.specification.version" value="1.6"/>
    <property name="file.encoding" value="Cp1252"/>
    <property name="user.name" value="shtank"/>
    <property name="java.class.path" value="C:\Moti\git\GT_Repo\SMLite-web\target\test-classes;C:\Moti\git\GT_Repo\SMLite-web\target\classes;C:\Documents and Settings\shtank.CISCO\.m2\repository\junit\junit\4.8.2\junit-4.8.2.jar;C:\Documents and Settings\shtank.CISCO\.m2\repository\org\sakaiproject\entitybus\entitybus-api\1.0.8\entitybus-api-1.0.8.jar;C:\Documents and Settings\shtank.CISCO\.m2\repository\javax\servlet\servlet-api\2.5\servlet-api-2.5.jar;C:\Documents and Settings\shtank.CISCO\.m2\repository\org\sakaiproject\entitybus\entitybus-impl\1.0.8\entitybus-impl-1.0.8.jar;C:\Documents and Settings\shtank.CISCO\.m2\repository\org\sakaiproject\entitybus\entitybus-utils\1.0.8\entitybus-utils-1.0.8.jar;C:\Documents and Settings\shtank.CISCO\.m2\repository\org\azeckoski\reflectutils\0.9.11\reflectutils-0.9.11.jar;C:\Documents and Settings\shtank.CISCO\.m2\repository\commons-httpclient\commons-httpclient\3.1\commons-httpclient-3.1.jar;C:\Documents and Settings\shtank.CISCO\.m2\repository\commons-logging\commons-logging\1.1.1\commons-logging-1.1.1.jar;C:\Documents and Settings\shtank.CISCO\.m2\repository\commons-codec\commons-codec\1.2\commons-codec-1.2.jar;C:\Documents and Settings\shtank.CISCO\.m2\repository\org\sakaiproject\entitybus\entitybus-rest\1.0.8\entitybus-rest-1.0.8.jar;C:\Documents and Settings\shtank.CISCO\.m2\repository\mysql\mysql-connector-java\5.1.9\mysql-connector-java-5.1.9.jar;C:\Documents and Settings\shtank.CISCO\.m2\repository\org\hibernate\hibernate-core\3.6.10.Final\hibernate-core-3.6.10.Final.jar;C:\Documents and Settings\shtank.CISCO\.m2\repository\antlr\antlr\2.7.6\antlr-2.7.6.jar;C:\Documents and Settings\shtank.CISCO\.m2\repository\commons-collections\commons-collections\3.2.1\commons-collections-3.2.1.jar;C:\Documents and Settings\shtank.CISCO\.m2\repository\dom4j\dom4j\1.6.1\dom4j-1.6.1.jar;C:\Documents and Settings\shtank.CISCO\.m2\repository\org\hibernate\hibernate-commons-annotations\3.2.0.Final\hibernate-commons-annotations-3.2.0.Final.jar;C:\Documents and Settings\shtank.CISCO\.m2\repository\org\slf4j\slf4j-api\1.6.1\slf4j-api-1.6.1.jar;C:\Documents and Settings\shtank.CISCO\.m2\repository\org\hibernate\javax\persistence\hibernate-jpa-2.0-api\1.0.1.Final\hibernate-jpa-2.0-api-1.0.1.Final.jar;C:\Documents and Settings\shtank.CISCO\.m2\repository\javax\transaction\jta\1.1\jta-1.1.jar;C:\Documents and Settings\shtank.CISCO\.m2\repository\org\hibernate\common\hibernate-commons-annotations\4.0.1.Final\hibernate-commons-annotations-4.0.1.Final.jar;C:\Documents and Settings\shtank.CISCO\.m2\repository\org\jboss\logging\jboss-logging\3.1.0.CR2\jboss-logging-3.1.0.CR2.jar;C:\Documents and Settings\shtank.CISCO\.m2\repository\xml-apis\xml-apis\1.0.b2\xml-apis-1.0.b2.jar;C:\Documents and Settings\shtank.CISCO\.m2\repository\cglib\cglib\2.2\cglib-2.2.jar;C:\Documents and Settings\shtank.CISCO\.m2\repository\asm\asm\3.1\asm-3.1.jar;C:\Documents and Settings\shtank.CISCO\.m2\repository\javassist\javassist\3.12.1.GA\javassist-3.12.1.GA.jar;C:\Documents and Settings\shtank.CISCO\.m2\repository\javax\servlet\jsp\jsp-api\2.1\jsp-api-2.1.jar;"/>
    <property name="java.vm.specification.version" value="1.0"/>
    <property name="sun.arch.data.model" value="32"/>
    <property name="java.home" value="C:\Program Files\Java\jdk1.6.0_23\jre"/>
    <property name="java.specification.vendor" value="Sun Microsystems Inc."/>
    <property name="user.language" value="en"/>
    <property name="awt.toolkit" value="sun.awt.windows.WToolkit"/>
    <property name="java.vm.info" value="mixed mode, sharing"/>
    <property name="java.version" value="1.6.0_23"/>
    <property name="java.ext.dirs" value="C:\Program Files\Java\jdk1.6.0_23\jre\lib\ext;C:\WINDOWS\Sun\Java\lib\ext"/>
    <property name="sun.boot.class.path" value="C:\Program Files\Java\jdk1.6.0_23\jre\lib\resources.jar;C:\Program Files\Java\jdk1.6.0_23\jre\lib\rt.jar;C:\Program Files\Java\jdk1.6.0_23\jre\lib\sunrsasign.jar;C:\Program Files\Java\jdk1.6.0_23\jre\lib\jsse.jar;C:\Program Files\Java\jdk1.6.0_23\jre\lib\jce.jar;C:\Program Files\Java\jdk1.6.0_23\jre\lib\charsets.jar;C:\Program Files\Java\jdk1.6.0_23\jre\lib\modules\jdk.boot.jar;C:\Program Files\Java\jdk1.6.0_23\jre\classes"/>
    <property name="java.vendor" value="Sun Microsystems Inc."/>
    <property name="localRepository" value="C:\Documents and Settings\shtank.CISCO\.m2\repository"/>
    <property name="file.separator" value="\"/>
    <property name="java.vendor.url.bug" value="http://java.sun.com/cgi-bin/bugreport.cgi"/>
    <property name="sun.cpu.endian" value="little"/>
    <property name="sun.io.unicode.encoding" value="UnicodeLittle"/>
    <property name="sun.desktop" value="windows"/>
    <property name="sun.cpu.isalist" value="pentium_pro+mmx pentium_pro pentium+mmx pentium i486 i386 i86"/>
  </properties>
  <testcase time="0" classname="com.cisco.assignment.vendor.helper.DBSupportHelperTest" name="testGetOderTypes"/>
  <testcase time="0.01" classname="com.cisco.assignment.vendor.helper.DBSupportHelperTest" name="testGetVendors"/>
  <testcase time="0.03" classname="com.cisco.assignment.vendor.helper.DBSupportHelperTest" name="testAddOrUpdateVendorObjRecord"/>
  <testcase time="0" classname="com.cisco.assignment.vendor.helper.DBSupportHelperTest" name="testGetVendor"/>
</testsuite>